{"id":"192.168.3.125.tm155044699040400258","wasCommitted":true,"participants":[{"uri":"192.168.3.125.tm273","state":"COMMITTING","expires":1550447000371,"resourceName":"jmsConnectionFactory"}]}
{"id":"192.168.3.125.tm155044699040400258","wasCommitted":true,"participants":[{"uri":"192.168.3.125.tm273","state":"TERMINATED","expires":1550447002328,"resourceName":"jmsConnectionFactory"}]}
{"id":"192.168.3.125.tm155044699141100259","wasCommitted":true,"participants":[{"uri":"192.168.3.125.tm274","state":"COMMITTING","expires":1550447001384,"resourceName":"jmsConnectionFactory"}]}
{"id":"192.168.3.125.tm155044699141100259","wasCommitted":true,"participants":[{"uri":"192.168.3.125.tm274","state":"TERMINATED","expires":1550447003334,"resourceName":"jmsConnectionFactory"}]}
{"id":"192.168.3.125.tm155044699242800260","wasCommitted":true,"participants":[{"uri":"192.168.3.125.tm275","state":"COMMITTING","expires":1550447002391,"resourceName":"jmsConnectionFactory"}]}
{"id":"192.168.3.125.tm155044699242800260","wasCommitted":true,"participants":[{"uri":"192.168.3.125.tm275","state":"TERMINATED","expires":1550447004342,"resourceName":"jmsConnectionFactory"}]}
{"id":"192.168.3.125.tm155044699343500261","wasCommitted":true,"participants":[{"uri":"192.168.3.125.tm276","state":"COMMITTING","expires":1550447003399,"resourceName":"jmsConnectionFactory"}]}
{"id":"192.168.3.125.tm155044699343500261","wasCommitted":true,"participants":[{"uri":"192.168.3.125.tm276","state":"TERMINATED","expires":1550447005349,"resourceName":"jmsConnectionFactory"}]}
{"id":"192.168.3.125.tm155044699444200262","wasCommitted":true,"participants":[{"uri":"192.168.3.125.tm277","state":"COMMITTING","expires":1550447004403,"resourceName":"jmsConnectionFactory"}]}
{"id":"192.168.3.125.tm155044699444200262","wasCommitted":true,"participants":[{"uri":"192.168.3.125.tm277","state":"TERMINATED","expires":1550447006354,"resourceName":"jmsConnectionFactory"}]}
{"id":"192.168.3.125.tm155044699544900263","wasCommitted":true,"participants":[{"uri":"192.168.3.125.tm278","state":"COMMITTING","expires":1550447005411,"resourceName":"jmsConnectionFactory"}]}
{"id":"192.168.3.125.tm155044699544900263","wasCommitted":true,"participants":[{"uri":"192.168.3.125.tm278","state":"TERMINATED","expires":1550447007362,"resourceName":"jmsConnectionFactory"}]}
{"id":"192.168.3.125.tm155044699645400264","wasCommitted":true,"participants":[{"uri":"192.168.3.125.tm279","state":"COMMITTING","expires":1550447006419,"resourceName":"jmsConnectionFactory"}]}
{"id":"192.168.3.125.tm155044699645400264","wasCommitted":true,"participants":[{"uri":"192.168.3.125.tm279","state":"TERMINATED","expires":1550447008369,"resourceName":"jmsConnectionFactory"}]}
{"id":"192.168.3.125.tm155044699746200265","wasCommitted":true,"participants":[{"uri":"192.168.3.125.tm280","state":"COMMITTING","expires":1550447007425,"resourceName":"jmsConnectionFactory"}]}
{"id":"192.168.3.125.tm155044699746200265","wasCommitted":true,"participants":[{"uri":"192.168.3.125.tm280","state":"TERMINATED","expires":1550447009375,"resourceName":"jmsConnectionFactory"}]}
{"id":"192.168.3.125.tm155044699846900266","wasCommitted":true,"participants":[{"uri":"192.168.3.125.tm281","state":"COMMITTING","expires":1550447008433,"resourceName":"jmsConnectionFactory"}]}
{"id":"192.168.3.125.tm155044699846900266","wasCommitted":true,"participants":[{"uri":"192.168.3.125.tm281","state":"TERMINATED","expires":1550447010384,"resourceName":"jmsConnectionFactory"}]}
{"id":"192.168.3.125.tm155044699947600267","wasCommitted":true,"participants":[{"uri":"192.168.3.125.tm282","state":"COMMITTING","expires":1550447009442,"resourceName":"jmsConnectionFactory"}]}
{"id":"192.168.3.125.tm155044699947600267","wasCommitted":true,"participants":[{"uri":"192.168.3.125.tm282","state":"TERMINATED","expires":1550447011392,"resourceName":"jmsConnectionFactory"}]}
{"id":"192.168.3.125.tm155044700166500270","wasCommitted":true,"participants":[{"uri":"192.168.3.125.tm284","state":"COMMITTING","expires":1550447011567,"resourceName":"dataSource"}]}
{"id":"192.168.3.125.tm155044700166500270","wasCommitted":true,"participants":[{"uri":"192.168.3.125.tm284","state":"TERMINATED","expires":1550447011567,"resourceName":"dataSource"}]}
{"id":"192.168.3.125.tm155044700048400268","wasCommitted":true,"participants":[{"uri":"192.168.3.125.tm283","state":"COMMITTING","expires":1550447010450,"resourceName":"jmsConnectionFactory"}]}
{"id":"192.168.3.125.tm155044700048400268","wasCommitted":true,"participants":[{"uri":"192.168.3.125.tm283","state":"TERMINATED","expires":1550447012401,"resourceName":"jmsConnectionFactory"}]}
{"id":"192.168.3.125.tm155044700149200269","wasCommitted":true,"participants":[{"uri":"192.168.3.125.tm285","state":"COMMITTING","expires":1550447011458,"resourceName":"jmsConnectionFactory"}]}
{"id":"192.168.3.125.tm155044700149200269","wasCommitted":true,"participants":[{"uri":"192.168.3.125.tm285","state":"TERMINATED","expires":1550447013408,"resourceName":"jmsConnectionFactory"}]}
{"id":"192.168.3.125.tm155044700250100271","wasCommitted":true,"participants":[{"uri":"192.168.3.125.tm286","state":"COMMITTING","expires":1550447012466,"resourceName":"jmsConnectionFactory"}]}
{"id":"192.168.3.125.tm155044700250100271","wasCommitted":true,"participants":[{"uri":"192.168.3.125.tm286","state":"TERMINATED","expires":1550447014417,"resourceName":"jmsConnectionFactory"}]}
{"id":"192.168.3.125.tm155044700350800272","wasCommitted":true,"participants":[{"uri":"192.168.3.125.tm287","state":"COMMITTING","expires":1550447013474,"resourceName":"jmsConnectionFactory"}]}
{"id":"192.168.3.125.tm155044700350800272","wasCommitted":true,"participants":[{"uri":"192.168.3.125.tm287","state":"TERMINATED","expires":1550447015424,"resourceName":"jmsConnectionFactory"}]}
{"id":"192.168.3.125.tm155044700451700273","wasCommitted":true,"participants":[{"uri":"192.168.3.125.tm288","state":"COMMITTING","expires":1550447014477,"resourceName":"jmsConnectionFactory"}]}
{"id":"192.168.3.125.tm155044700451700273","wasCommitted":true,"participants":[{"uri":"192.168.3.125.tm288","state":"TERMINATED","expires":1550447016428,"resourceName":"jmsConnectionFactory"}]}
{"id":"192.168.3.125.tm155044700552400274","wasCommitted":true,"participants":[{"uri":"192.168.3.125.tm289","state":"COMMITTING","expires":1550447015486,"resourceName":"jmsConnectionFactory"}]}
{"id":"192.168.3.125.tm155044700552400274","wasCommitted":true,"participants":[{"uri":"192.168.3.125.tm289","state":"TERMINATED","expires":1550447017436,"resourceName":"jmsConnectionFactory"}]}
{"id":"192.168.3.125.tm155044700652800275","wasCommitted":true,"participants":[{"uri":"192.168.3.125.tm290","state":"COMMITTING","expires":1550447016492,"resourceName":"jmsConnectionFactory"}]}
{"id":"192.168.3.125.tm155044700652800275","wasCommitted":true,"participants":[{"uri":"192.168.3.125.tm290","state":"TERMINATED","expires":1550447018442,"resourceName":"jmsConnectionFactory"}]}
{"id":"192.168.3.125.tm155044700753600276","wasCommitted":true,"participants":[{"uri":"192.168.3.125.tm291","state":"COMMITTING","expires":1550447017495,"resourceName":"jmsConnectionFactory"}]}
{"id":"192.168.3.125.tm155044700753600276","wasCommitted":true,"participants":[{"uri":"192.168.3.125.tm291","state":"TERMINATED","expires":1550447019446,"resourceName":"jmsConnectionFactory"}]}
{"id":"192.168.3.125.tm155044700854200277","wasCommitted":true,"participants":[{"uri":"192.168.3.125.tm292","state":"COMMITTING","expires":1550447018503,"resourceName":"jmsConnectionFactory"}]}
{"id":"192.168.3.125.tm155044700854200277","wasCommitted":true,"participants":[{"uri":"192.168.3.125.tm292","state":"TERMINATED","expires":1550447020454,"resourceName":"jmsConnectionFactory"}]}
{"id":"192.168.3.125.tm155044700954600278","wasCommitted":true,"participants":[{"uri":"192.168.3.125.tm293","state":"COMMITTING","expires":1550447019511,"resourceName":"jmsConnectionFactory"}]}
{"id":"192.168.3.125.tm155044700954600278","wasCommitted":true,"participants":[{"uri":"192.168.3.125.tm293","state":"TERMINATED","expires":1550447021461,"resourceName":"jmsConnectionFactory"}]}
{"id":"192.168.3.125.tm155044701055400279","wasCommitted":true,"participants":[{"uri":"192.168.3.125.tm294","state":"COMMITTING","expires":1550447020516,"resourceName":"jmsConnectionFactory"}]}
{"id":"192.168.3.125.tm155044701055400279","wasCommitted":true,"participants":[{"uri":"192.168.3.125.tm294","state":"TERMINATED","expires":1550447022467,"resourceName":"jmsConnectionFactory"}]}
{"id":"192.168.3.125.tm155044701156100280","wasCommitted":true,"participants":[{"uri":"192.168.3.125.tm295","state":"COMMITTING","expires":1550447021519,"resourceName":"jmsConnectionFactory"}]}
{"id":"192.168.3.125.tm155044701156100280","wasCommitted":true,"participants":[{"uri":"192.168.3.125.tm295","state":"TERMINATED","expires":1550447023470,"resourceName":"jmsConnectionFactory"}]}
{"id":"192.168.3.125.tm155044701256700281","wasCommitted":true,"participants":[{"uri":"192.168.3.125.tm296","state":"COMMITTING","expires":1550447022523,"resourceName":"jmsConnectionFactory"}]}
{"id":"192.168.3.125.tm155044701256700281","wasCommitted":true,"participants":[{"uri":"192.168.3.125.tm296","state":"TERMINATED","expires":1550447024473,"resourceName":"jmsConnectionFactory"}]}
{"id":"192.168.3.125.tm155044701357000282","wasCommitted":true,"participants":[{"uri":"192.168.3.125.tm297","state":"COMMITTING","expires":1550447023531,"resourceName":"jmsConnectionFactory"}]}
{"id":"192.168.3.125.tm155044701357000282","wasCommitted":true,"participants":[{"uri":"192.168.3.125.tm297","state":"TERMINATED","expires":1550447025481,"resourceName":"jmsConnectionFactory"}]}
{"id":"192.168.3.125.tm155044701457300283","wasCommitted":true,"participants":[{"uri":"192.168.3.125.tm298","state":"COMMITTING","expires":1550447024534,"resourceName":"jmsConnectionFactory"}]}
{"id":"192.168.3.125.tm155044701457300283","wasCommitted":true,"participants":[{"uri":"192.168.3.125.tm298","state":"TERMINATED","expires":1550447026484,"resourceName":"jmsConnectionFactory"}]}
{"id":"192.168.3.125.tm155044701558100284","wasCommitted":true,"participants":[{"uri":"192.168.3.125.tm299","state":"COMMITTING","expires":1550447025537,"resourceName":"jmsConnectionFactory"}]}
{"id":"192.168.3.125.tm155044701558100284","wasCommitted":true,"participants":[{"uri":"192.168.3.125.tm299","state":"TERMINATED","expires":1550447027487,"resourceName":"jmsConnectionFactory"}]}
{"id":"192.168.3.125.tm155044701658500285","wasCommitted":true,"participants":[{"uri":"192.168.3.125.tm300","state":"COMMITTING","expires":1550447026544,"resourceName":"jmsConnectionFactory"}]}
{"id":"192.168.3.125.tm155044701658500285","wasCommitted":true,"participants":[{"uri":"192.168.3.125.tm300","state":"TERMINATED","expires":1550447028494,"resourceName":"jmsConnectionFactory"}]}
{"id":"192.168.3.125.tm155044701758800286","wasCommitted":true,"participants":[{"uri":"192.168.3.125.tm301","state":"COMMITTING","expires":1550447027561,"resourceName":"jmsConnectionFactory"}]}
{"id":"192.168.3.125.tm155044701758800286","wasCommitted":true,"participants":[{"uri":"192.168.3.125.tm301","state":"TERMINATED","expires":1550447029512,"resourceName":"jmsConnectionFactory"}]}
{"id":"192.168.3.125.tm155044701859400287","wasCommitted":true,"participants":[{"uri":"192.168.3.125.tm302","state":"COMMITTING","expires":1550447028566,"resourceName":"jmsConnectionFactory"}]}
{"id":"192.168.3.125.tm155044701859400287","wasCommitted":true,"participants":[{"uri":"192.168.3.125.tm302","state":"TERMINATED","expires":1550447030516,"resourceName":"jmsConnectionFactory"}]}
{"id":"192.168.3.125.tm155044701961200288","wasCommitted":true,"participants":[{"uri":"192.168.3.125.tm303","state":"COMMITTING","expires":1550447029573,"resourceName":"jmsConnectionFactory"}]}
{"id":"192.168.3.125.tm155044701961200288","wasCommitted":true,"participants":[{"uri":"192.168.3.125.tm303","state":"TERMINATED","expires":1550447031523,"resourceName":"jmsConnectionFactory"}]}
{"id":"192.168.3.125.tm155044702061700289","wasCommitted":true,"participants":[{"uri":"192.168.3.125.tm304","state":"COMMITTING","expires":1550447030577,"resourceName":"jmsConnectionFactory"}]}
{"id":"192.168.3.125.tm155044702061700289","wasCommitted":true,"participants":[{"uri":"192.168.3.125.tm304","state":"TERMINATED","expires":1550447032529,"resourceName":"jmsConnectionFactory"}]}
{"id":"192.168.3.125.tm155044702162300290","wasCommitted":true,"participants":[{"uri":"192.168.3.125.tm305","state":"COMMITTING","expires":1550447031583,"resourceName":"jmsConnectionFactory"}]}
{"id":"192.168.3.125.tm155044702162300290","wasCommitted":true,"participants":[{"uri":"192.168.3.125.tm305","state":"TERMINATED","expires":1550447033534,"resourceName":"jmsConnectionFactory"}]}
{"id":"192.168.3.125.tm155044702262900291","wasCommitted":true,"participants":[{"uri":"192.168.3.125.tm306","state":"COMMITTING","expires":1550447032592,"resourceName":"jmsConnectionFactory"}]}
{"id":"192.168.3.125.tm155044702262900291","wasCommitted":true,"participants":[{"uri":"192.168.3.125.tm306","state":"TERMINATED","expires":1550447034542,"resourceName":"jmsConnectionFactory"}]}
{"id":"192.168.3.125.tm155044702363400292","wasCommitted":true,"participants":[{"uri":"192.168.3.125.tm307","state":"COMMITTING","expires":1550447033599,"resourceName":"jmsConnectionFactory"}]}
{"id":"192.168.3.125.tm155044702363400292","wasCommitted":true,"participants":[{"uri":"192.168.3.125.tm307","state":"TERMINATED","expires":1550447035549,"resourceName":"jmsConnectionFactory"}]}
{"id":"192.168.3.125.tm155044702464200293","wasCommitted":true,"participants":[{"uri":"192.168.3.125.tm308","state":"COMMITTING","expires":1550447034607,"resourceName":"jmsConnectionFactory"}]}
{"id":"192.168.3.125.tm155044702464200293","wasCommitted":true,"participants":[{"uri":"192.168.3.125.tm308","state":"TERMINATED","expires":1550447036558,"resourceName":"jmsConnectionFactory"}]}
{"id":"192.168.3.125.tm155044702564900294","wasCommitted":true,"participants":[{"uri":"192.168.3.125.tm309","state":"COMMITTING","expires":1550447035615,"resourceName":"jmsConnectionFactory"}]}
{"id":"192.168.3.125.tm155044702564900294","wasCommitted":true,"participants":[{"uri":"192.168.3.125.tm309","state":"TERMINATED","expires":1550447037566,"resourceName":"jmsConnectionFactory"}]}
{"id":"192.168.3.125.tm155044702665900295","wasCommitted":true,"participants":[{"uri":"192.168.3.125.tm310","state":"COMMITTING","expires":1550447036623,"resourceName":"jmsConnectionFactory"}]}
{"id":"192.168.3.125.tm155044702665900295","wasCommitted":true,"participants":[{"uri":"192.168.3.125.tm310","state":"TERMINATED","expires":1550447038573,"resourceName":"jmsConnectionFactory"}]}
{"id":"192.168.3.125.tm155044702766600296","wasCommitted":true,"participants":[{"uri":"192.168.3.125.tm311","state":"COMMITTING","expires":1550447037629,"resourceName":"jmsConnectionFactory"}]}
{"id":"192.168.3.125.tm155044702766600296","wasCommitted":true,"participants":[{"uri":"192.168.3.125.tm311","state":"TERMINATED","expires":1550447039579,"resourceName":"jmsConnectionFactory"}]}
{"id":"192.168.3.125.tm155044702867400297","wasCommitted":true,"participants":[{"uri":"192.168.3.125.tm312","state":"COMMITTING","expires":1550447038636,"resourceName":"jmsConnectionFactory"}]}
{"id":"192.168.3.125.tm155044702867400297","wasCommitted":true,"participants":[{"uri":"192.168.3.125.tm312","state":"TERMINATED","expires":1550447040587,"resourceName":"jmsConnectionFactory"}]}
{"id":"192.168.3.125.tm155044702968000298","wasCommitted":true,"participants":[{"uri":"192.168.3.125.tm313","state":"COMMITTING","expires":1550447039640,"resourceName":"jmsConnectionFactory"}]}
{"id":"192.168.3.125.tm155044702968000298","wasCommitted":true,"participants":[{"uri":"192.168.3.125.tm313","state":"TERMINATED","expires":1550447041590,"resourceName":"jmsConnectionFactory"}]}
{"id":"192.168.3.125.tm155044703068700299","wasCommitted":true,"participants":[{"uri":"192.168.3.125.tm314","state":"COMMITTING","expires":1550447040645,"resourceName":"jmsConnectionFactory"}]}
{"id":"192.168.3.125.tm155044703068700299","wasCommitted":true,"participants":[{"uri":"192.168.3.125.tm314","state":"TERMINATED","expires":1550447042595,"resourceName":"jmsConnectionFactory"}]}
{"id":"192.168.3.125.tm155044703169000300","wasCommitted":true,"participants":[{"uri":"192.168.3.125.tm315","state":"COMMITTING","expires":1550447041661,"resourceName":"jmsConnectionFactory"}]}
{"id":"192.168.3.125.tm155044703169000300","wasCommitted":true,"participants":[{"uri":"192.168.3.125.tm315","state":"TERMINATED","expires":1550447043612,"resourceName":"jmsConnectionFactory"}]}
{"id":"192.168.3.125.tm155044703269500301","wasCommitted":true,"participants":[{"uri":"192.168.3.125.tm316","state":"COMMITTING","expires":1550447042671,"resourceName":"jmsConnectionFactory"}]}
{"id":"192.168.3.125.tm155044703269500301","wasCommitted":true,"participants":[{"uri":"192.168.3.125.tm316","state":"TERMINATED","expires":1550447044621,"resourceName":"jmsConnectionFactory"}]}
{"id":"192.168.3.125.tm155044703371200302","wasCommitted":true,"participants":[{"uri":"192.168.3.125.tm317","state":"COMMITTING","expires":1550447043677,"resourceName":"jmsConnectionFactory"}]}
{"id":"192.168.3.125.tm155044703371200302","wasCommitted":true,"participants":[{"uri":"192.168.3.125.tm317","state":"TERMINATED","expires":1550447045627,"resourceName":"jmsConnectionFactory"}]}
{"id":"192.168.3.125.tm155044703472100303","wasCommitted":true,"participants":[{"uri":"192.168.3.125.tm318","state":"COMMITTING","expires":1550447044684,"resourceName":"jmsConnectionFactory"}]}
{"id":"192.168.3.125.tm155044703472100303","wasCommitted":true,"participants":[{"uri":"192.168.3.125.tm318","state":"TERMINATED","expires":1550447046634,"resourceName":"jmsConnectionFactory"}]}
{"id":"192.168.3.125.tm155044703572800304","wasCommitted":true,"participants":[{"uri":"192.168.3.125.tm319","state":"COMMITTING","expires":1550447045692,"resourceName":"jmsConnectionFactory"}]}
{"id":"192.168.3.125.tm155044703572800304","wasCommitted":true,"participants":[{"uri":"192.168.3.125.tm319","state":"TERMINATED","expires":1550447047643,"resourceName":"jmsConnectionFactory"}]}
{"id":"192.168.3.125.tm155044703673400305","wasCommitted":true,"participants":[{"uri":"192.168.3.125.tm320","state":"COMMITTING","expires":1550447046703,"resourceName":"jmsConnectionFactory"}]}
{"id":"192.168.3.125.tm155044703673400305","wasCommitted":true,"participants":[{"uri":"192.168.3.125.tm320","state":"TERMINATED","expires":1550447048654,"resourceName":"jmsConnectionFactory"}]}
{"id":"192.168.3.125.tm155044703774400306","wasCommitted":true,"participants":[{"uri":"192.168.3.125.tm321","state":"COMMITTING","expires":1550447047712,"resourceName":"jmsConnectionFactory"}]}
{"id":"192.168.3.125.tm155044703774400306","wasCommitted":true,"participants":[{"uri":"192.168.3.125.tm321","state":"TERMINATED","expires":1550447049662,"resourceName":"jmsConnectionFactory"}]}
{"id":"192.168.3.125.tm155044703875400307","wasCommitted":true,"participants":[{"uri":"192.168.3.125.tm322","state":"COMMITTING","expires":1550447048718,"resourceName":"jmsConnectionFactory"}]}
{"id":"192.168.3.125.tm155044703875400307","wasCommitted":true,"participants":[{"uri":"192.168.3.125.tm322","state":"TERMINATED","expires":1550447050668,"resourceName":"jmsConnectionFactory"}]}
{"id":"192.168.3.125.tm155044703976300308","wasCommitted":true,"participants":[{"uri":"192.168.3.125.tm323","state":"COMMITTING","expires":1550447049723,"resourceName":"jmsConnectionFactory"}]}
{"id":"192.168.3.125.tm155044703976300308","wasCommitted":true,"participants":[{"uri":"192.168.3.125.tm323","state":"TERMINATED","expires":1550447051674,"resourceName":"jmsConnectionFactory"}]}
{"id":"192.168.3.125.tm155044704076800309","wasCommitted":true,"participants":[{"uri":"192.168.3.125.tm324","state":"COMMITTING","expires":1550447050730,"resourceName":"jmsConnectionFactory"}]}
{"id":"192.168.3.125.tm155044704076800309","wasCommitted":true,"participants":[{"uri":"192.168.3.125.tm324","state":"TERMINATED","expires":1550447052680,"resourceName":"jmsConnectionFactory"}]}
{"id":"192.168.3.125.tm155044704177400310","wasCommitted":false,"participants":[{"uri":"192.168.3.125.tm325","state":"TERMINATED","expires":1550447052982,"resourceName":"jmsConnectionFactory"}]}
